<?xml version="1.0" encoding="UTF-8"?>
<!-- Generated by org.testng.reporters.JUnitReportReporter -->
<testsuite hostname="DESKTOP-V34R8TE" failures="0" tests="1" name="com.zoho.testscripts.ComponentTestScripts" time="4.406" errors="0" timestamp="2025-05-20T19:00:55 IST" skipped="0">
  <testcase classname="com.zoho.testscripts.ComponentTestScripts" name="addComponents" time="4.406"/>
</testsuite> <!-- com.zoho.testscripts.ComponentTestScripts -->
