<?xml version="1.0" encoding="UTF-8"?>
<!-- Generated by org.testng.reporters.JUnitReportReporter -->
<testsuite hostname="DESKTOP-V34R8TE" failures="0" tests="1" name="com.zoho.testscripts.LeadTestScripts" time="4.591" errors="0" timestamp="2025-05-20T15:43:54 IST" skipped="0">
  <testcase classname="com.zoho.testscripts.LeadTestScripts" name="createLeads" time="4.591"/>
</testsuite> <!-- com.zoho.testscripts.LeadTestScripts -->
