<?xml version="1.0" encoding="UTF-8"?>
<!-- Generated by org.testng.reporters.JUnitReportReporter -->
<testsuite hostname="DESKTOP-V34R8TE" failures="0" tests="1" name="com.zoho.testscripts.ProductPage" time="7.963" errors="0" timestamp="2025-05-20T21:18:09 IST" skipped="0">
  <testcase classname="com.zoho.testscripts.ProductPage" name="addProduct" time="7.963"/>
</testsuite> <!-- com.zoho.testscripts.ProductPage -->
