<?xml version="1.0" encoding="UTF-8"?>
<!-- Generated by org.testng.reporters.JUnitReportReporter -->
<testsuite hostname="DESKTOP-V34R8TE" failures="0" tests="1" name="com.zoho.testscripts.CreateNewReportFolderTestScripts" time="4.387" errors="0" timestamp="2025-05-20T19:36:21 IST" skipped="0">
  <testcase classname="com.zoho.testscripts.CreateNewReportFolderTestScripts" name="addNewFolder" time="4.387"/>
</testsuite> <!-- com.zoho.testscripts.CreateNewReportFolderTestScripts -->
