<?xml version="1.0" encoding="UTF-8"?>
<!-- Generated by org.testng.reporters.JUnitReportReporter -->
<testsuite hostname="DESKTOP-V34R8TE" failures="0" tests="1" name="com.zoho.testscripts.CreateDeleteAllTestScript" time="4.625" errors="0" timestamp="2025-05-20T20:54:29 IST" skipped="0">
  <testcase classname="com.zoho.testscripts.CreateDeleteAllTestScript" name="delectAll" time="4.625"/>
</testsuite> <!-- com.zoho.testscripts.CreateDeleteAllTestScript -->
