<?xml version="1.0" encoding="UTF-8"?>
<!-- Generated by org.testng.reporters.JUnitReportReporter -->
<testsuite hostname="DESKTOP-V34R8TE" failures="0" tests="1" name="com.zoho.testscripts.AccountModule" time="5.117" errors="0" timestamp="2025-05-20T15:29:39 IST" skipped="0">
  <testcase classname="com.zoho.testscripts.AccountModule" name="createAcount" time="5.117"/>
</testsuite> <!-- com.zoho.testscripts.AccountModule -->
