<?xml version="1.0" encoding="UTF-8"?>
<!-- Generated by org.testng.reporters.JUnitReportReporter -->
<testsuite hostname="DESKTOP-V34R8TE" failures="0" tests="1" name="com.zoho.testscripts.Contacts" time="4.327" errors="0" timestamp="2025-05-20T15:36:12 IST" skipped="0">
  <testcase classname="com.zoho.testscripts.Contacts" name="addContact" time="4.327"/>
</testsuite> <!-- com.zoho.testscripts.Contacts -->
